<?xml version="1.0" encoding="UTF-8"?>
<!-- Generated by org.testng.reporters.JUnitXMLReporter -->
<testsuite ignored="0" hostname="Sachin" failures="0" tests="12" name="Test Cases" time="104.304" errors="0" timestamp="2024-02-29T00:13:07 CET">
  <testcase classname="testcases.HeaderSectionTest" name="clickOnLoginTest" time="0.782"/>
  <testcase classname="testcases.RegistrationPageTest" name="validRegistrationTest" time="2.171"/>
  <testcase classname="testcases.RegistrationPageTest" name="invalidRegistrationTest" time="1.55"/>
  <testcase classname="testcases.LoginPageTest" name="validLoginTest" time="1.578"/>
  <testcase classname="testcases.LoginPageTest" name="invalidLoginTest1" time="1.141"/>
  <testcase classname="testcases.LoginPageTest" name="invalidLoginTest2" time="1.106"/>
  <testcase classname="testcases.LoginPageTest" name="invalidLoginTest3" time="0.983"/>
  <testcase classname="testcases.LoginPageTest" name="newCustomerRegisterTest" time="1.394"/>
  <testcase classname="testcases.HomePageTest" name="clickOnLogoTest" time="1.575"/>
  <testcase classname="testcases.ProductPageTest" name="validateProductSelectionTest" time="0.295"/>
  <testcase classname="testcases.ShoppingCartPageTest" name="validateAddToCartTest" time="0.123"/>
  <testcase classname="testcases.CheckoutPageTest" name="validateSuccessfulOrderTest" time="8.152"/>
</testsuite> <!-- Test Cases -->
